#
# A fatal error has been detected by the Java Runtime Environment:
#
#  EXCEPTION_ACCESS_VIOLATION (0xc0000005) at pc=0x00007ffe05c40bbb, pid=9464, tid=11152
#
# JRE version: OpenJDK Runtime Environment (22.0.2+9) (build 22.0.2+9-70)
# Java VM: OpenJDK 64-Bit Server VM (22.0.2+9-70, mixed mode, sharing, tiered, compressed oops, compressed class ptrs, g1 gc, windows-amd64)
# Problematic frame:
# V  [jvm.dll+0x840bbb]
#
# No core dump will be written. Minidumps are not enabled by default on client versions of Windows
#
# If you would like to submit a bug report, please visit:
#   https://bugreport.java.com/bugreport/crash.jsp
#

---------------  S U M M A R Y ------------

Command Line: -javaagent:C:\Program Files\JetBrains\IntelliJIdea2024.1\lib\idea_rt.jar=58578:C:\Program Files\JetBrains\IntelliJIdea2024.1\bin -Dfile.encoding=UTF-8 -Dsun.stdout.encoding=UTF-8 -Dsun.stderr.encoding=UTF-8 ru.introguzzle.parsers.example.Example

Host: 11th Gen Intel(R) Core(TM) i5-11300H @ 3.10GHz, 8 cores, 15G,  Windows 10 , 64 bit Build 19041 (10.0.19041.3155)
Time: Fri Nov 22 19:21:49 2024 RTZ 2 (s 10 , 64 bit Build 19041 (10.0.19041.3155) elapsed time: 0.280710 seconds (0d 0h 0m 0s)

---------------  T H R E A D  ---------------

Current thread (0x0000022c813a2760):  JavaThread "main"             [_thread_in_vm, id=11152, stack(0x00000077e9300000,0x00000077e9400000) (1024K)]

Stack: [0x00000077e9300000,0x00000077e9400000],  sp=0x00000077e93ff690,  free space=1021k
Native frames: (J=compiled Java code, j=interpreted, Vv=VM code, C=native code)
V  [jvm.dll+0x840bbb]  (no source info available)
C  0x0000022c93376b22  (no source info available)

The last pc belongs to native nmethod (printed below).
Java frames: (J=compiled Java code, j=interpreted, Vv=VM code)
J 260  jdk.internal.misc.Unsafe.getLong(Ljava/lang/Object;J)J java.base@22.0.2 (0 bytes) @ 0x0000022c93376a87 [0x0000022c93376a20+0x0000000000000067]
j  jdk.internal.misc.Unsafe.getLong(J)J+3 java.base@22.0.2
j  sun.misc.Unsafe.getLong(J)J+4 jdk.unsupported@22.0.2
j  ru.introguzzle.parsers.example.Example.main([Ljava/lang/String;)V+161
v  ~StubRoutines::call_stub 0x0000022c92dc100d

siginfo: EXCEPTION_ACCESS_VIOLATION (0xc0000005), reading address 0x0000000cb32995d1


Registers:
RAX=0x0000000cb32995d1, RBX=0x0000022c813a2760, RCX=0x0000022c813a2cd0, RDX=0x00000077e93ff6e0
RSP=0x00000077e93ff690, RBP=0x0000000cb32995d1, RSI=0x0000000000000000, RDI=0x0000000000000000
R8 =0x0000000000000000, R9 =0x0000000cb32995d1, R10=0x00007ffe0604406c, R11=0x0000022c93376a40
R12=0x0000000000000000, R13=0x00000077e93ff738, R14=0x00000077e93ff7c0, R15=0x0000022c813a2760
RIP=0x00007ffe05c40bbb, EFLAGS=0x0000000000010246


Register to memory mapping:

RAX=0x0000000cb32995d1 is an unknown value
RBX=0x0000022c813a2760 is a thread
RCX=0x0000022c813a2cd0 points into unknown readable memory: 0x0000022c813a2760 | 60 27 3a 81 2c 02 00 00
RDX=0x00000077e93ff6e0 is pointing into the stack for thread: 0x0000022c813a2760
RSP=0x00000077e93ff690 is pointing into the stack for thread: 0x0000022c813a2760
RBP=0x0000000cb32995d1 is an unknown value
RSI=0x0 is null
RDI=0x0 is null
R8 =0x0 is null
R9 =0x0000000cb32995d1 is an unknown value
R10=0x00007ffe0604406c jvm.dll
R11=0x0000022c93376a40 is at entry_point+32 in (nmethod*)0x0000022c93376890
Compiled method (n/a) 316  260     n 0       jdk.internal.misc.Unsafe::getLong (native)
 total in heap  [0x0000022c93376890,0x0000022c93376c60] = 976
 relocation     [0x0000022c933769e8,0x0000022c93376a18] = 48
 main code      [0x0000022c93376a20,0x0000022c93376c5e] = 574
 stub code      [0x0000022c93376c5e,0x0000022c93376c60] = 2
R12=0x0 is null
R13=0x00000077e93ff738 is pointing into the stack for thread: 0x0000022c813a2760
R14=0x00000077e93ff7c0 is pointing into the stack for thread: 0x0000022c813a2760
R15=0x0000022c813a2760 is a thread

Top of Stack: (sp=0x00000077e93ff690)
0x00000077e93ff690:   0000000000000006 00007ffe05a8618c
0x00000077e93ff6a0:   00000077e93ff750 0000022ca233f3b0
0x00000077e93ff6b0:   000000000000012d 0000022c93376b22
0x00000077e93ff6c0:   0000022ca340ab70 00000077e93ff720
0x00000077e93ff6d0:   000000000000012d 000000000000012d
0x00000077e93ff6e0:   0000000713c13348 0000000000000000
0x00000077e93ff6f0:   00000077e93ff830 00007ffe05a9731b
0x00000077e93ff700:   00000077e93ff750 0000022ce429d5f8
0x00000077e93ff710:   0000000000000000 0000000713dee700
0x00000077e93ff720:   00000077e93ff7a0 0000022c92dc89b6
0x00000077e93ff730:   0000022c92dc89b6 0000000cb32995d1
0x00000077e93ff740:   0000000000000000 0000000000000000
0x00000077e93ff750:   0000000713c13348 fffffffffffffff7
0x00000077e93ff760:   0000022ca3ba8403 0000000000000004
0x00000077e93ff770:   0000022ca340b908 0000000000000000
0x00000077e93ff780:   0000000713c057f0 0000022ca340ab18
0x00000077e93ff790:   fffffffffffffff3 00000077e93ff7b0
0x00000077e93ff7a0:   00000077e93ff810 0000022c92dc89b6
0x00000077e93ff7b0:   0000000cb32995d1 0000000000000000
0x00000077e93ff7c0:   0000000713c13348 fffffffffffffff7
0x00000077e93ff7d0:   0000022ce4298e24 0000000000000004
0x00000077e93ff7e0:   0000022ce429d4e8 0000000000000000
0x00000077e93ff7f0:   0000000713269f18 0000022ce4298e50
0x00000077e93ff800:   fffffffffffffff4 00000077e93ff820
0x00000077e93ff810:   00000077e93ff880 0000022c92dc89b6
0x00000077e93ff820:   0000000cb32995d1 0000000000000000
0x00000077e93ff830:   000000071326ae48 fffffffffffffff7
0x00000077e93ff840:   0000022ce4407e21 000000000000000c
0x00000077e93ff850:   0000022ce4408960 0000000000000000
0x00000077e93ff860:   0000000713b96bc8 0000022ce44086a8
0x00000077e93ff870:   fffffffffffffff4 00000077e93ff8e0
0x00000077e93ff880:   00000077e93ff9c0 0000022c92dc100d 

Instructions: (pc=0x00007ffe05c40bbb)
0x00007ffe05c40abb:   74 24 38 90 c7 83 54 04 00 00 04 00 00 00 48 8b
0x00007ffe05c40acb:   5c 24 30 48 83 c4 20 5f c3 cc cc cc cc cc cc cc
0x00007ffe05c40adb:   cc cc cc cc cc 48 89 5c 24 08 48 89 6c 24 10 48
0x00007ffe05c40aeb:   89 74 24 18 57 48 83 ec 20 8b 81 b8 00 00 00 48
0x00007ffe05c40afb:   8d 99 40 fc ff ff 05 53 21 ff ff 49 8b e9 49 8b
0x00007ffe05c40b0b:   f0 83 f8 01 77 08 48 8b cb e8 b7 15 bb ff 80 3d
0x00007ffe05c40b1b:   e4 34 40 00 00 c7 83 54 04 00 00 06 00 00 00 75
0x00007ffe05c40b2b:   06 e8 7f 21 e9 ff 90 48 8b 83 58 04 00 00 a8 01
0x00007ffe05c40b3b:   74 0d 45 33 c0 b2 01 48 8b cb e8 a6 5c f0 ff 8b
0x00007ffe05c40b4b:   83 50 04 00 00 a8 0c 74 08 48 8b cb e8 14 2a bb
0x00007ffe05c40b5b:   ff 48 8d 8b 70 05 00 00 c7 83 54 04 00 00 06 00
0x00007ffe05c40b6b:   00 00 e8 fe 4f b6 ff 33 ff 84 c0 75 4d 48 85 f6
0x00007ffe05c40b7b:   74 33 48 8b c6 83 e0 03 48 83 f8 01 75 0f 48 8d
0x00007ffe05c40b8b:   4e ff ff 15 5d b3 39 00 48 8b f8 eb 18 48 83 f8
0x00007ffe05c40b9b:   02 75 0f 48 8d 4e fe ff 15 78 24 39 00 48 8b f8
0x00007ffe05c40bab:   eb 03 48 8b 3e 48 8d 04 2f c6 83 80 04 00 00 01
0x00007ffe05c40bbb:   48 8b 38 c6 83 80 04 00 00 00 48 8b b3 98 01 00
0x00007ffe05c40bcb:   00 48 8b 46 10 48 83 38 00 74 08 48 8b ce e8 92
0x00007ffe05c40bdb:   34 b6 ff 48 8b 56 08 48 8b 4e 10 48 89 4a 10 48
0x00007ffe05c40beb:   8b 56 08 48 8b 4e 18 48 89 4a 18 48 8b 4e 20 48
0x00007ffe05c40bfb:   8b 56 08 48 89 4a 20 48 8d 8b a0 03 00 00 e8 e2
0x00007ffe05c40c0b:   7d ad ff 48 8b 6c 24 38 90 48 8b 74 24 40 48 8b
0x00007ffe05c40c1b:   c7 c7 83 54 04 00 00 04 00 00 00 48 8b 5c 24 30
0x00007ffe05c40c2b:   48 83 c4 20 5f c3 cc cc cc cc cc cc cc cc cc cc
0x00007ffe05c40c3b:   cc cc cc cc cc 48 89 5c 24 08 48 89 74 24 10 57
0x00007ffe05c40c4b:   48 83 ec 20 8b 81 b8 00 00 00 48 8d 99 40 fc ff
0x00007ffe05c40c5b:   ff 05 53 21 ff ff 49 8b f1 49 8b f8 83 f8 01 77
0x00007ffe05c40c6b:   08 48 8b cb e8 5c 14 bb ff 80 3d 89 33 40 00 00
0x00007ffe05c40c7b:   c7 83 54 04 00 00 06 00 00 00 75 06 e8 24 20 e9
0x00007ffe05c40c8b:   ff 90 48 8b 83 58 04 00 00 a8 01 74 0d 45 33 c0
0x00007ffe05c40c9b:   b2 01 48 8b cb e8 4b 5b f0 ff 8b 83 50 04 00 00
0x00007ffe05c40cab:   a8 0c 74 08 48 8b cb e8 b9 28 bb ff 48 8d 8b 70 


Stack slot to memory mapping:

stack at sp + 0 slots: 0x0000000000000006 is an unknown value
stack at sp + 1 slots: 0x00007ffe05a8618c jvm.dll
stack at sp + 2 slots: 0x00000077e93ff750 is pointing into the stack for thread: 0x0000022c813a2760
stack at sp + 3 slots: 0x0000022ca233f3b0 points into unknown readable memory: 0x0000000000000000 | 00 00 00 00 00 00 00 00
stack at sp + 4 slots: 0x000000000000012d is an unknown value
stack at sp + 5 slots: 0x0000022c93376b22 is at entry_point+258 in (nmethod*)0x0000022c93376890
Compiled method (n/a) 321  260     n 0       jdk.internal.misc.Unsafe::getLong (native)
 total in heap  [0x0000022c93376890,0x0000022c93376c60] = 976
 relocation     [0x0000022c933769e8,0x0000022c93376a18] = 48
 main code      [0x0000022c93376a20,0x0000022c93376c5e] = 574
 stub code      [0x0000022c93376c5e,0x0000022c93376c60] = 2
stack at sp + 6 slots: {method} {0x0000022ca340ab78} 'getLong' '(Ljava/lang/Object;J)J' in 'jdk/internal/misc/Unsafe'
stack at sp + 7 slots: 0x00000077e93ff720 is pointing into the stack for thread: 0x0000022c813a2760


Compiled method (n/a) 322  260     n 0       jdk.internal.misc.Unsafe::getLong (native)
 total in heap  [0x0000022c93376890,0x0000022c93376c60] = 976
 relocation     [0x0000022c933769e8,0x0000022c93376a18] = 48
 main code      [0x0000022c93376a20,0x0000022c93376c5e] = 574
 stub code      [0x0000022c93376c5e,0x0000022c93376c60] = 2

[Constant Pool (empty)]

[MachCode]
[Entry Point]
  # {method} {0x0000022ca340ab78} 'getLong' '(Ljava/lang/Object;J)J' in 'jdk/internal/misc/Unsafe'
  # this:     rdx:rdx   = 'jdk/internal/misc/Unsafe'
  # parm0:    r8:r8     = 'java/lang/Object'
  # parm1:    r9:r9     = long
  #           [sp+0x70]  (sp of caller)
  0x0000022c93376a20: 448b 5208 | 49bb 0000 | 00a3 2c02 | 0000 4d03 | d349 3bc2 | 0f84 0600 

  0x0000022c93376a38: ;   {runtime_call ic_miss_stub}
  0x0000022c93376a38: 0000 e941 | 7fa9 ff90 
[Verified Entry Point]
  0x0000022c93376a40: 8984 2400 | 80ff ff55 | 488b ec48 | 83ec 6090 | 4181 7f20 | 0100 0000 

  0x0000022c93376a58: ;   {runtime_call StubRoutines (final stubs)}
  0x0000022c93376a58: 7405 e861 | 05a8 ff4c | 8944 2428 | 4983 f800 | 4c8d 4424 | 284c 0f44 | 4424 2848 | 8954 2420 
  0x0000022c93376a78: 4883 fa00 | 488d 5424 | 2048 0f44 | 5424 20c5 

  0x0000022c93376a88: ;   {internal_word}
  0x0000022c93376a88: f877 49ba | 876a 3793 | 2c02 0000 | 4d89 97a8 | 0300 0049 | 89a7 a003 

  0x0000022c93376aa0: ;   {external_word}
  0x0000022c93376aa0: 0000 49ba | 6c40 0406 | fe7f 0000 | 4180 3a00 | 0f84 4e00 | 0000 5241 

  0x0000022c93376ab8: ;   {metadata({method} {0x0000022ca340ab78} 'getLong' '(Ljava/lang/Object;J)J' in 'jdk/internal/misc/Unsafe')}
  0x0000022c93376ab8: 5041 5148 | ba70 ab40 | a32c 0200 | 0049 8bcf | 4883 ec20 | 40f6 c40f | 0f84 1900 | 0000 4883 
  0x0000022c93376ad8: ;   {runtime_call}
  0x0000022c93376ad8: ec08 48b8 | 80b9 b405 | fe7f 0000 | ffd0 4883 | c408 e90c 

  0x0000022c93376aec: ;   {runtime_call}
  0x0000022c93376aec: 0000 0048 | b880 b9b4 | 05fe 7f00 | 00ff d048 | 83c4 2041 | 5941 585a | 498d 8fc0 | 0300 0041 
  0x0000022c93376b0c: c787 5404 | 0000 0400 

  0x0000022c93376b14: ;   {runtime_call}
  0x0000022c93376b14: 0000 48b8 | e00a c405 | fe7f 0000 | ffd0 c5f8 | 7741 c787 | 5404 0000 | 0500 0000 | f083 4424 
  0x0000022c93376b34: c000 493b | af58 0400 | 000f 870e | 0000 0041 | 83bf 5004 | 0000 000f | 842b 0000 | 00c5 f877 
  0x0000022c93376b54: 4889 45f8 | 498b cf4c | 8be4 4883 | ec20 4883 

  0x0000022c93376b64: ;   {runtime_call}
  0x0000022c93376b64: e4f0 48b8 | 4023 7f05 | fe7f 0000 | ffd0 498b | e44d 33e4 | 488b 45f8 | 41c7 8754 | 0400 0008 
  0x0000022c93376b84: 0000 0041 | 83bf d004 | 0000 020f | 849c 0000 

  0x0000022c93376b94: ;   {external_word}
  0x0000022c93376b94: 0049 ba6c | 4004 06fe | 7f00 0041 | 803a 000f | 844c 0000 | 0048 8945 

  0x0000022c93376bac: ;   {metadata({method} {0x0000022ca340ab78} 'getLong' '(Ljava/lang/Object;J)J' in 'jdk/internal/misc/Unsafe')}
  0x0000022c93376bac: f848 ba70 | ab40 a32c | 0200 0049 | 8bcf 4883 | ec20 40f6 | c40f 0f84 | 1900 0000 | 4883 ec08 
  0x0000022c93376bcc: ;   {runtime_call}
  0x0000022c93376bcc: 48b8 80b9 | b405 fe7f | 0000 ffd0 | 4883 c408 | e90c 0000 

  0x0000022c93376be0: ;   {runtime_call}
  0x0000022c93376be0: 0048 b880 | b9b4 05fe | 7f00 00ff | d048 83c4 | 2048 8b45 | f849 c787 | a003 0000 | 0000 0000 
  0x0000022c93376c00: 49c7 87a8 | 0300 0000 | 0000 00c5 | f877 498b | 8f30 0400 | 00c7 8100 | 0100 0000 | 0000 00c9 
  0x0000022c93376c20: 4983 7f08 | 000f 8501 | 0000 00c3 

  0x0000022c93376c2c: ;   {runtime_call StubRoutines (initial stubs)}
  0x0000022c93376c2c: e9cf a2a4 | ffc5 f877 | 4889 45f8 | 4c8b e448 | 83ec 2048 

  0x0000022c93376c40: ;   {runtime_call}
  0x0000022c93376c40: 83e4 f048 | b8d0 f1b4 | 05fe 7f00 | 00ff d049 | 8be4 4d33 | e448 8b45 | f8e9 37ff | ffff f4f4 
[/MachCode]


---------------  P R O C E S S  ---------------

Threads class SMR info:
_java_thread_list=0x0000022ca29c8d70, length=13, elements={
0x0000022c813a2760, 0x0000022ca24a5430, 0x0000022ca24aa250, 0x0000022ca24adf20,
0x0000022ca24aee90, 0x0000022ca24b1960, 0x0000022ca24b20c0, 0x0000022ca24b4f60,
0x0000022ca24b5710, 0x0000022ca26f6240, 0x0000022ca28ff310, 0x0000022ca28ffc70,
0x0000022ca29c8200
}

Java Threads: ( => current thread )
=>0x0000022c813a2760 JavaThread "main"                              [_thread_in_vm, id=11152, stack(0x00000077e9300000,0x00000077e9400000) (1024K)]
  0x0000022ca24a5430 JavaThread "Reference Handler"          daemon [_thread_blocked, id=840, stack(0x00000077e9b00000,0x00000077e9c00000) (1024K)]
  0x0000022ca24aa250 JavaThread "Finalizer"                  daemon [_thread_blocked, id=12944, stack(0x00000077e9c00000,0x00000077e9d00000) (1024K)]
  0x0000022ca24adf20 JavaThread "Signal Dispatcher"          daemon [_thread_blocked, id=12080, stack(0x00000077e9d00000,0x00000077e9e00000) (1024K)]
  0x0000022ca24aee90 JavaThread "Attach Listener"            daemon [_thread_blocked, id=7744, stack(0x00000077e9e00000,0x00000077e9f00000) (1024K)]
  0x0000022ca24b1960 JavaThread "Service Thread"             daemon [_thread_blocked, id=2472, stack(0x00000077e9f00000,0x00000077ea000000) (1024K)]
  0x0000022ca24b20c0 JavaThread "Monitor Deflation Thread"   daemon [_thread_blocked, id=12432, stack(0x00000077ea000000,0x00000077ea100000) (1024K)]
  0x0000022ca24b4f60 JavaThread "C2 CompilerThread0"         daemon [_thread_blocked, id=9276, stack(0x00000077ea100000,0x00000077ea200000) (1024K)]
  0x0000022ca24b5710 JavaThread "C1 CompilerThread0"         daemon [_thread_blocked, id=5104, stack(0x00000077ea200000,0x00000077ea300000) (1024K)]
  0x0000022ca26f6240 JavaThread "Common-Cleaner"             daemon [_thread_blocked, id=12868, stack(0x00000077ea300000,0x00000077ea400000) (1024K)]
  0x0000022ca28ff310 JavaThread "Monitor Ctrl-Break"         daemon [_thread_in_native, id=1632, stack(0x00000077ea400000,0x00000077ea500000) (1024K)]
  0x0000022ca28ffc70 JavaThread "Notification Thread"        daemon [_thread_blocked, id=5940, stack(0x00000077ea500000,0x00000077ea600000) (1024K)]
  0x0000022ca29c8200 JavaThread "pool-1-thread-1"            daemon [_thread_blocked, id=10044, stack(0x00000077ea600000,0x00000077ea700000) (1024K)]
Total: 13

Other Threads:
  0x0000022ca248be40 VMThread "VM Thread"                           [id=5900, stack(0x00000077e9a00000,0x00000077e9b00000) (1024K)]
  0x0000022ca24755e0 WatcherThread "VM Periodic Task Thread"        [id=8864, stack(0x00000077e9900000,0x00000077e9a00000) (1024K)]
  0x0000022c835a52b0 WorkerThread "GC Thread#0"                     [id=8392, stack(0x00000077e9400000,0x00000077e9500000) (1024K)]
  0x0000022c835b6020 ConcurrentGCThread "G1 Main Marker"            [id=8332, stack(0x00000077e9500000,0x00000077e9600000) (1024K)]
  0x0000022c835b6b30 WorkerThread "G1 Conc#0"                       [id=13744, stack(0x00000077e9600000,0x00000077e9700000) (1024K)]
  0x0000022ca2342170 ConcurrentGCThread "G1 Refine#0"               [id=8544, stack(0x00000077e9700000,0x00000077e9800000) (1024K)]
  0x0000022ca23459c0 ConcurrentGCThread "G1 Service"                [id=5524, stack(0x00000077e9800000,0x00000077e9900000) (1024K)]
Total: 7

Threads with active compile tasks:
Total: 0

VM state: not at safepoint (normal execution)

VM Mutex/Monitor currently owned by a thread: None

Heap address: 0x0000000704200000, size: 4030 MB, Compressed Oops mode: Zero based, Oop shift amount: 3

CDS archive(s) mapped at: [0x0000022ca3000000-0x0000022ca3c60000-0x0000022ca3c60000), size 12976128, SharedBaseAddress: 0x0000022ca3000000, ArchiveRelocationMode: 1.
Compressed class space mapped at: 0x0000022ca4000000-0x0000022ce4000000, reserved size: 1073741824
Narrow klass base: 0x0000022ca3000000, Narrow klass shift: 0, Narrow klass range: 0x41000000

GC Precious Log:
 CardTable entry size: 512
 Card Set container configuration: InlinePtr #cards 4 size 8 Array Of Cards #cards 16 size 48 Howl #buckets 8 coarsen threshold 3686 Howl Bitmap #cards 512 size 80 coarsen threshold 460 Card regions per heap region 1 cards per card region 4096
 CPUs: 8 total, 8 available
 Memory: 16115M
 Large Page Support: Disabled
 NUMA Support: Disabled
 Compressed Oops: Enabled (Zero based)
 Heap Region Size: 2M
 Heap Min Capacity: 8M
 Heap Initial Capacity: 252M
 Heap Max Capacity: 4030M
 Pre-touch: Disabled
 Parallel Workers: 8
 Concurrent Workers: 2
 Concurrent Refinement Workers: 8
 Periodic GC: Disabled

Heap:
 garbage-first heap   total reserved 4126720K, committed 258048K, used 8192K [0x0000000704200000, 0x0000000800000000)
  region size 2048K, 6 young (12288K), 0 survivors (0K)
 Metaspace       used 3972K, committed 4288K, reserved 1114112K
  class space    used 490K, committed 640K, reserved 1048576K

Heap Regions: E=young(eden), S=young(survivor), O=old, HS=humongous(starts), HC=humongous(continues), CS=collection set, F=free, TAMS=top-at-mark-start, PB=parsable bottom
|   0|0x0000000704200000, 0x0000000704200000, 0x0000000704400000|  0%| F|  |TAMS 0x0000000704200000| PB 0x0000000704200000| Untracked |  0
|   1|0x0000000704400000, 0x0000000704400000, 0x0000000704600000|  0%| F|  |TAMS 0x0000000704400000| PB 0x0000000704400000| Untracked |  0
|   2|0x0000000704600000, 0x0000000704600000, 0x0000000704800000|  0%| F|  |TAMS 0x0000000704600000| PB 0x0000000704600000| Untracked |  0
|   3|0x0000000704800000, 0x0000000704800000, 0x0000000704a00000|  0%| F|  |TAMS 0x0000000704800000| PB 0x0000000704800000| Untracked |  0
|   4|0x0000000704a00000, 0x0000000704a00000, 0x0000000704c00000|  0%| F|  |TAMS 0x0000000704a00000| PB 0x0000000704a00000| Untracked |  0
|   5|0x0000000704c00000, 0x0000000704c00000, 0x0000000704e00000|  0%| F|  |TAMS 0x0000000704c00000| PB 0x0000000704c00000| Untracked |  0
|   6|0x0000000704e00000, 0x0000000704e00000, 0x0000000705000000|  0%| F|  |TAMS 0x0000000704e00000| PB 0x0000000704e00000| Untracked |  0
|   7|0x0000000705000000, 0x0000000705000000, 0x0000000705200000|  0%| F|  |TAMS 0x0000000705000000| PB 0x0000000705000000| Untracked |  0
|   8|0x0000000705200000, 0x0000000705200000, 0x0000000705400000|  0%| F|  |TAMS 0x0000000705200000| PB 0x0000000705200000| Untracked |  0
|   9|0x0000000705400000, 0x0000000705400000, 0x0000000705600000|  0%| F|  |TAMS 0x0000000705400000| PB 0x0000000705400000| Untracked |  0
|  10|0x0000000705600000, 0x0000000705600000, 0x0000000705800000|  0%| F|  |TAMS 0x0000000705600000| PB 0x0000000705600000| Untracked |  0
|  11|0x0000000705800000, 0x0000000705800000, 0x0000000705a00000|  0%| F|  |TAMS 0x0000000705800000| PB 0x0000000705800000| Untracked |  0
|  12|0x0000000705a00000, 0x0000000705a00000, 0x0000000705c00000|  0%| F|  |TAMS 0x0000000705a00000| PB 0x0000000705a00000| Untracked |  0
|  13|0x0000000705c00000, 0x0000000705c00000, 0x0000000705e00000|  0%| F|  |TAMS 0x0000000705c00000| PB 0x0000000705c00000| Untracked |  0
|  14|0x0000000705e00000, 0x0000000705e00000, 0x0000000706000000|  0%| F|  |TAMS 0x0000000705e00000| PB 0x0000000705e00000| Untracked |  0
|  15|0x0000000706000000, 0x0000000706000000, 0x0000000706200000|  0%| F|  |TAMS 0x0000000706000000| PB 0x0000000706000000| Untracked |  0
|  16|0x0000000706200000, 0x0000000706200000, 0x0000000706400000|  0%| F|  |TAMS 0x0000000706200000| PB 0x0000000706200000| Untracked |  0
|  17|0x0000000706400000, 0x0000000706400000, 0x0000000706600000|  0%| F|  |TAMS 0x0000000706400000| PB 0x0000000706400000| Untracked |  0
|  18|0x0000000706600000, 0x0000000706600000, 0x0000000706800000|  0%| F|  |TAMS 0x0000000706600000| PB 0x0000000706600000| Untracked |  0
|  19|0x0000000706800000, 0x0000000706800000, 0x0000000706a00000|  0%| F|  |TAMS 0x0000000706800000| PB 0x0000000706800000| Untracked |  0
|  20|0x0000000706a00000, 0x0000000706a00000, 0x0000000706c00000|  0%| F|  |TAMS 0x0000000706a00000| PB 0x0000000706a00000| Untracked |  0
|  21|0x0000000706c00000, 0x0000000706c00000, 0x0000000706e00000|  0%| F|  |TAMS 0x0000000706c00000| PB 0x0000000706c00000| Untracked |  0
|  22|0x0000000706e00000, 0x0000000706e00000, 0x0000000707000000|  0%| F|  |TAMS 0x0000000706e00000| PB 0x0000000706e00000| Untracked |  0
|  23|0x0000000707000000, 0x0000000707000000, 0x0000000707200000|  0%| F|  |TAMS 0x0000000707000000| PB 0x0000000707000000| Untracked |  0
|  24|0x0000000707200000, 0x0000000707200000, 0x0000000707400000|  0%| F|  |TAMS 0x0000000707200000| PB 0x0000000707200000| Untracked |  0
|  25|0x0000000707400000, 0x0000000707400000, 0x0000000707600000|  0%| F|  |TAMS 0x0000000707400000| PB 0x0000000707400000| Untracked |  0
|  26|0x0000000707600000, 0x0000000707600000, 0x0000000707800000|  0%| F|  |TAMS 0x0000000707600000| PB 0x0000000707600000| Untracked |  0
|  27|0x0000000707800000, 0x0000000707800000, 0x0000000707a00000|  0%| F|  |TAMS 0x0000000707800000| PB 0x0000000707800000| Untracked |  0
|  28|0x0000000707a00000, 0x0000000707a00000, 0x0000000707c00000|  0%| F|  |TAMS 0x0000000707a00000| PB 0x0000000707a00000| Untracked |  0
|  29|0x0000000707c00000, 0x0000000707c00000, 0x0000000707e00000|  0%| F|  |TAMS 0x0000000707c00000| PB 0x0000000707c00000| Untracked |  0
|  30|0x0000000707e00000, 0x0000000707e00000, 0x0000000708000000|  0%| F|  |TAMS 0x0000000707e00000| PB 0x0000000707e00000| Untracked |  0
|  31|0x0000000708000000, 0x0000000708000000, 0x0000000708200000|  0%| F|  |TAMS 0x0000000708000000| PB 0x0000000708000000| Untracked |  0
|  32|0x0000000708200000, 0x0000000708200000, 0x0000000708400000|  0%| F|  |TAMS 0x0000000708200000| PB 0x0000000708200000| Untracked |  0
|  33|0x0000000708400000, 0x0000000708400000, 0x0000000708600000|  0%| F|  |TAMS 0x0000000708400000| PB 0x0000000708400000| Untracked |  0
|  34|0x0000000708600000, 0x0000000708600000, 0x0000000708800000|  0%| F|  |TAMS 0x0000000708600000| PB 0x0000000708600000| Untracked |  0
|  35|0x0000000708800000, 0x0000000708800000, 0x0000000708a00000|  0%| F|  |TAMS 0x0000000708800000| PB 0x0000000708800000| Untracked |  0
|  36|0x0000000708a00000, 0x0000000708a00000, 0x0000000708c00000|  0%| F|  |TAMS 0x0000000708a00000| PB 0x0000000708a00000| Untracked |  0
|  37|0x0000000708c00000, 0x0000000708c00000, 0x0000000708e00000|  0%| F|  |TAMS 0x0000000708c00000| PB 0x0000000708c00000| Untracked |  0
|  38|0x0000000708e00000, 0x0000000708e00000, 0x0000000709000000|  0%| F|  |TAMS 0x0000000708e00000| PB 0x0000000708e00000| Untracked |  0
|  39|0x0000000709000000, 0x0000000709000000, 0x0000000709200000|  0%| F|  |TAMS 0x0000000709000000| PB 0x0000000709000000| Untracked |  0
|  40|0x0000000709200000, 0x0000000709200000, 0x0000000709400000|  0%| F|  |TAMS 0x0000000709200000| PB 0x0000000709200000| Untracked |  0
|  41|0x0000000709400000, 0x0000000709400000, 0x0000000709600000|  0%| F|  |TAMS 0x0000000709400000| PB 0x0000000709400000| Untracked |  0
|  42|0x0000000709600000, 0x0000000709600000, 0x0000000709800000|  0%| F|  |TAMS 0x0000000709600000| PB 0x0000000709600000| Untracked |  0
|  43|0x0000000709800000, 0x0000000709800000, 0x0000000709a00000|  0%| F|  |TAMS 0x0000000709800000| PB 0x0000000709800000| Untracked |  0
|  44|0x0000000709a00000, 0x0000000709a00000, 0x0000000709c00000|  0%| F|  |TAMS 0x0000000709a00000| PB 0x0000000709a00000| Untracked |  0
|  45|0x0000000709c00000, 0x0000000709c00000, 0x0000000709e00000|  0%| F|  |TAMS 0x0000000709c00000| PB 0x0000000709c00000| Untracked |  0
|  46|0x0000000709e00000, 0x0000000709e00000, 0x000000070a000000|  0%| F|  |TAMS 0x0000000709e00000| PB 0x0000000709e00000| Untracked |  0
|  47|0x000000070a000000, 0x000000070a000000, 0x000000070a200000|  0%| F|  |TAMS 0x000000070a000000| PB 0x000000070a000000| Untracked |  0
|  48|0x000000070a200000, 0x000000070a200000, 0x000000070a400000|  0%| F|  |TAMS 0x000000070a200000| PB 0x000000070a200000| Untracked |  0
|  49|0x000000070a400000, 0x000000070a400000, 0x000000070a600000|  0%| F|  |TAMS 0x000000070a400000| PB 0x000000070a400000| Untracked |  0
|  50|0x000000070a600000, 0x000000070a600000, 0x000000070a800000|  0%| F|  |TAMS 0x000000070a600000| PB 0x000000070a600000| Untracked |  0
|  51|0x000000070a800000, 0x000000070a800000, 0x000000070aa00000|  0%| F|  |TAMS 0x000000070a800000| PB 0x000000070a800000| Untracked |  0
|  52|0x000000070aa00000, 0x000000070aa00000, 0x000000070ac00000|  0%| F|  |TAMS 0x000000070aa00000| PB 0x000000070aa00000| Untracked |  0
|  53|0x000000070ac00000, 0x000000070ac00000, 0x000000070ae00000|  0%| F|  |TAMS 0x000000070ac00000| PB 0x000000070ac00000| Untracked |  0
|  54|0x000000070ae00000, 0x000000070ae00000, 0x000000070b000000|  0%| F|  |TAMS 0x000000070ae00000| PB 0x000000070ae00000| Untracked |  0
|  55|0x000000070b000000, 0x000000070b000000, 0x000000070b200000|  0%| F|  |TAMS 0x000000070b000000| PB 0x000000070b000000| Untracked |  0
|  56|0x000000070b200000, 0x000000070b200000, 0x000000070b400000|  0%| F|  |TAMS 0x000000070b200000| PB 0x000000070b200000| Untracked |  0
|  57|0x000000070b400000, 0x000000070b400000, 0x000000070b600000|  0%| F|  |TAMS 0x000000070b400000| PB 0x000000070b400000| Untracked |  0
|  58|0x000000070b600000, 0x000000070b600000, 0x000000070b800000|  0%| F|  |TAMS 0x000000070b600000| PB 0x000000070b600000| Untracked |  0
|  59|0x000000070b800000, 0x000000070b800000, 0x000000070ba00000|  0%| F|  |TAMS 0x000000070b800000| PB 0x000000070b800000| Untracked |  0
|  60|0x000000070ba00000, 0x000000070ba00000, 0x000000070bc00000|  0%| F|  |TAMS 0x000000070ba00000| PB 0x000000070ba00000| Untracked |  0
|  61|0x000000070bc00000, 0x000000070bc00000, 0x000000070be00000|  0%| F|  |TAMS 0x000000070bc00000| PB 0x000000070bc00000| Untracked |  0
|  62|0x000000070be00000, 0x000000070be00000, 0x000000070c000000|  0%| F|  |TAMS 0x000000070be00000| PB 0x000000070be00000| Untracked |  0
|  63|0x000000070c000000, 0x000000070c000000, 0x000000070c200000|  0%| F|  |TAMS 0x000000070c000000| PB 0x000000070c000000| Untracked |  0
|  64|0x000000070c200000, 0x000000070c200000, 0x000000070c400000|  0%| F|  |TAMS 0x000000070c200000| PB 0x000000070c200000| Untracked |  0
|  65|0x000000070c400000, 0x000000070c400000, 0x000000070c600000|  0%| F|  |TAMS 0x000000070c400000| PB 0x000000070c400000| Untracked |  0
|  66|0x000000070c600000, 0x000000070c600000, 0x000000070c800000|  0%| F|  |TAMS 0x000000070c600000| PB 0x000000070c600000| Untracked |  0
|  67|0x000000070c800000, 0x000000070c800000, 0x000000070ca00000|  0%| F|  |TAMS 0x000000070c800000| PB 0x000000070c800000| Untracked |  0
|  68|0x000000070ca00000, 0x000000070ca00000, 0x000000070cc00000|  0%| F|  |TAMS 0x000000070ca00000| PB 0x000000070ca00000| Untracked |  0
|  69|0x000000070cc00000, 0x000000070cc00000, 0x000000070ce00000|  0%| F|  |TAMS 0x000000070cc00000| PB 0x000000070cc00000| Untracked |  0
|  70|0x000000070ce00000, 0x000000070ce00000, 0x000000070d000000|  0%| F|  |TAMS 0x000000070ce00000| PB 0x000000070ce00000| Untracked |  0
|  71|0x000000070d000000, 0x000000070d000000, 0x000000070d200000|  0%| F|  |TAMS 0x000000070d000000| PB 0x000000070d000000| Untracked |  0
|  72|0x000000070d200000, 0x000000070d200000, 0x000000070d400000|  0%| F|  |TAMS 0x000000070d200000| PB 0x000000070d200000| Untracked |  0
|  73|0x000000070d400000, 0x000000070d400000, 0x000000070d600000|  0%| F|  |TAMS 0x000000070d400000| PB 0x000000070d400000| Untracked |  0
|  74|0x000000070d600000, 0x000000070d600000, 0x000000070d800000|  0%| F|  |TAMS 0x000000070d600000| PB 0x000000070d600000| Untracked |  0
|  75|0x000000070d800000, 0x000000070d800000, 0x000000070da00000|  0%| F|  |TAMS 0x000000070d800000| PB 0x000000070d800000| Untracked |  0
|  76|0x000000070da00000, 0x000000070da00000, 0x000000070dc00000|  0%| F|  |TAMS 0x000000070da00000| PB 0x000000070da00000| Untracked |  0
|  77|0x000000070dc00000, 0x000000070dc00000, 0x000000070de00000|  0%| F|  |TAMS 0x000000070dc00000| PB 0x000000070dc00000| Untracked |  0
|  78|0x000000070de00000, 0x000000070de00000, 0x000000070e000000|  0%| F|  |TAMS 0x000000070de00000| PB 0x000000070de00000| Untracked |  0
|  79|0x000000070e000000, 0x000000070e000000, 0x000000070e200000|  0%| F|  |TAMS 0x000000070e000000| PB 0x000000070e000000| Untracked |  0
|  80|0x000000070e200000, 0x000000070e200000, 0x000000070e400000|  0%| F|  |TAMS 0x000000070e200000| PB 0x000000070e200000| Untracked |  0
|  81|0x000000070e400000, 0x000000070e400000, 0x000000070e600000|  0%| F|  |TAMS 0x000000070e400000| PB 0x000000070e400000| Untracked |  0
|  82|0x000000070e600000, 0x000000070e600000, 0x000000070e800000|  0%| F|  |TAMS 0x000000070e600000| PB 0x000000070e600000| Untracked |  0
|  83|0x000000070e800000, 0x000000070e800000, 0x000000070ea00000|  0%| F|  |TAMS 0x000000070e800000| PB 0x000000070e800000| Untracked |  0
|  84|0x000000070ea00000, 0x000000070ea00000, 0x000000070ec00000|  0%| F|  |TAMS 0x000000070ea00000| PB 0x000000070ea00000| Untracked |  0
|  85|0x000000070ec00000, 0x000000070ec00000, 0x000000070ee00000|  0%| F|  |TAMS 0x000000070ec00000| PB 0x000000070ec00000| Untracked |  0
|  86|0x000000070ee00000, 0x000000070ee00000, 0x000000070f000000|  0%| F|  |TAMS 0x000000070ee00000| PB 0x000000070ee00000| Untracked |  0
|  87|0x000000070f000000, 0x000000070f000000, 0x000000070f200000|  0%| F|  |TAMS 0x000000070f000000| PB 0x000000070f000000| Untracked |  0
|  88|0x000000070f200000, 0x000000070f200000, 0x000000070f400000|  0%| F|  |TAMS 0x000000070f200000| PB 0x000000070f200000| Untracked |  0
|  89|0x000000070f400000, 0x000000070f400000, 0x000000070f600000|  0%| F|  |TAMS 0x000000070f400000| PB 0x000000070f400000| Untracked |  0
|  90|0x000000070f600000, 0x000000070f600000, 0x000000070f800000|  0%| F|  |TAMS 0x000000070f600000| PB 0x000000070f600000| Untracked |  0
|  91|0x000000070f800000, 0x000000070f800000, 0x000000070fa00000|  0%| F|  |TAMS 0x000000070f800000| PB 0x000000070f800000| Untracked |  0
|  92|0x000000070fa00000, 0x000000070fa00000, 0x000000070fc00000|  0%| F|  |TAMS 0x000000070fa00000| PB 0x000000070fa00000| Untracked |  0
|  93|0x000000070fc00000, 0x000000070fc00000, 0x000000070fe00000|  0%| F|  |TAMS 0x000000070fc00000| PB 0x000000070fc00000| Untracked |  0
|  94|0x000000070fe00000, 0x000000070fe00000, 0x0000000710000000|  0%| F|  |TAMS 0x000000070fe00000| PB 0x000000070fe00000| Untracked |  0
|  95|0x0000000710000000, 0x0000000710000000, 0x0000000710200000|  0%| F|  |TAMS 0x0000000710000000| PB 0x0000000710000000| Untracked |  0
|  96|0x0000000710200000, 0x0000000710200000, 0x0000000710400000|  0%| F|  |TAMS 0x0000000710200000| PB 0x0000000710200000| Untracked |  0
|  97|0x0000000710400000, 0x0000000710400000, 0x0000000710600000|  0%| F|  |TAMS 0x0000000710400000| PB 0x0000000710400000| Untracked |  0
|  98|0x0000000710600000, 0x0000000710600000, 0x0000000710800000|  0%| F|  |TAMS 0x0000000710600000| PB 0x0000000710600000| Untracked |  0
|  99|0x0000000710800000, 0x0000000710800000, 0x0000000710a00000|  0%| F|  |TAMS 0x0000000710800000| PB 0x0000000710800000| Untracked |  0
| 100|0x0000000710a00000, 0x0000000710a00000, 0x0000000710c00000|  0%| F|  |TAMS 0x0000000710a00000| PB 0x0000000710a00000| Untracked |  0
| 101|0x0000000710c00000, 0x0000000710c00000, 0x0000000710e00000|  0%| F|  |TAMS 0x0000000710c00000| PB 0x0000000710c00000| Untracked |  0
| 102|0x0000000710e00000, 0x0000000710e00000, 0x0000000711000000|  0%| F|  |TAMS 0x0000000710e00000| PB 0x0000000710e00000| Untracked |  0
| 103|0x0000000711000000, 0x0000000711000000, 0x0000000711200000|  0%| F|  |TAMS 0x0000000711000000| PB 0x0000000711000000| Untracked |  0
| 104|0x0000000711200000, 0x0000000711200000, 0x0000000711400000|  0%| F|  |TAMS 0x0000000711200000| PB 0x0000000711200000| Untracked |  0
| 105|0x0000000711400000, 0x0000000711400000, 0x0000000711600000|  0%| F|  |TAMS 0x0000000711400000| PB 0x0000000711400000| Untracked |  0
| 106|0x0000000711600000, 0x0000000711600000, 0x0000000711800000|  0%| F|  |TAMS 0x0000000711600000| PB 0x0000000711600000| Untracked |  0
| 107|0x0000000711800000, 0x0000000711800000, 0x0000000711a00000|  0%| F|  |TAMS 0x0000000711800000| PB 0x0000000711800000| Untracked |  0
| 108|0x0000000711a00000, 0x0000000711a00000, 0x0000000711c00000|  0%| F|  |TAMS 0x0000000711a00000| PB 0x0000000711a00000| Untracked |  0
| 109|0x0000000711c00000, 0x0000000711c00000, 0x0000000711e00000|  0%| F|  |TAMS 0x0000000711c00000| PB 0x0000000711c00000| Untracked |  0
| 110|0x0000000711e00000, 0x0000000711e00000, 0x0000000712000000|  0%| F|  |TAMS 0x0000000711e00000| PB 0x0000000711e00000| Untracked |  0
| 111|0x0000000712000000, 0x0000000712000000, 0x0000000712200000|  0%| F|  |TAMS 0x0000000712000000| PB 0x0000000712000000| Untracked |  0
| 112|0x0000000712200000, 0x0000000712200000, 0x0000000712400000|  0%| F|  |TAMS 0x0000000712200000| PB 0x0000000712200000| Untracked |  0
| 113|0x0000000712400000, 0x0000000712400000, 0x0000000712600000|  0%| F|  |TAMS 0x0000000712400000| PB 0x0000000712400000| Untracked |  0
| 114|0x0000000712600000, 0x0000000712600000, 0x0000000712800000|  0%| F|  |TAMS 0x0000000712600000| PB 0x0000000712600000| Untracked |  0
| 115|0x0000000712800000, 0x0000000712800000, 0x0000000712a00000|  0%| F|  |TAMS 0x0000000712800000| PB 0x0000000712800000| Untracked |  0
| 116|0x0000000712a00000, 0x0000000712a00000, 0x0000000712c00000|  0%| F|  |TAMS 0x0000000712a00000| PB 0x0000000712a00000| Untracked |  0
| 117|0x0000000712c00000, 0x0000000712c00000, 0x0000000712e00000|  0%| F|  |TAMS 0x0000000712c00000| PB 0x0000000712c00000| Untracked |  0
| 118|0x0000000712e00000, 0x0000000712e00000, 0x0000000713000000|  0%| F|  |TAMS 0x0000000712e00000| PB 0x0000000712e00000| Untracked |  0
| 119|0x0000000713000000, 0x0000000713000000, 0x0000000713200000|  0%| F|  |TAMS 0x0000000713000000| PB 0x0000000713000000| Untracked |  0
| 120|0x0000000713200000, 0x000000071327b020, 0x0000000713400000| 24%| E|  |TAMS 0x0000000713200000| PB 0x0000000713200000| Complete |  0
| 121|0x0000000713400000, 0x0000000713600000, 0x0000000713600000|100%| E|CS|TAMS 0x0000000713400000| PB 0x0000000713400000| Complete |  0
| 122|0x0000000713600000, 0x0000000713800000, 0x0000000713800000|100%| E|CS|TAMS 0x0000000713600000| PB 0x0000000713600000| Complete |  0
| 123|0x0000000713800000, 0x0000000713a00000, 0x0000000713a00000|100%| E|CS|TAMS 0x0000000713800000| PB 0x0000000713800000| Complete |  0
| 124|0x0000000713a00000, 0x0000000713c00000, 0x0000000713c00000|100%| E|  |TAMS 0x0000000713a00000| PB 0x0000000713a00000| Complete |  0
| 125|0x0000000713c00000, 0x0000000713e00000, 0x0000000713e00000|100%| E|CS|TAMS 0x0000000713c00000| PB 0x0000000713c00000| Complete |  0

Card table byte_map: [0x0000022c9b3a0000,0x0000022c9bb80000] _byte_map_base: 0x0000022c97b7f000

Marking Bits: (CMBitMap*) 0x0000022c835a59c0
 Bits: [0x0000022c9bb80000, 0x0000022c9fa78000)

Polling page: 0x0000022c814c0000

Metaspace:

Usage:
  Non-class:      3.40 MB used.
      Class:    490.21 KB used.
       Both:      3.88 MB used.

Virtual space:
  Non-class space:       64.00 MB reserved,       3.56 MB (  6%) committed,  1 nodes.
      Class space:        1.00 GB reserved,     640.00 KB ( <1%) committed,  1 nodes.
             Both:        1.06 GB reserved,       4.19 MB ( <1%) committed. 

Chunk freelists:
   Non-Class:  11.11 MB
       Class:  15.22 MB
        Both:  26.33 MB

MaxMetaspaceSize: unlimited
CompressedClassSpaceSize: 1.00 GB
Initial GC threshold: 21.00 MB
Current GC threshold: 21.00 MB
CDS: on
 - commit_granule_bytes: 65536.
 - commit_granule_words: 8192.
 - virtual_space_node_default_size: 8388608.
 - enlarge_chunks_in_place: 1.
 - use_allocation_guard: 0.


Internal statistics:

num_allocs_failed_limit: 0.
num_arena_births: 256.
num_arena_deaths: 0.
num_vsnodes_births: 2.
num_vsnodes_deaths: 0.
num_space_committed: 67.
num_space_uncommitted: 0.
num_chunks_returned_to_freelist: 0.
num_chunks_taken_from_freelist: 345.
num_chunk_merges: 0.
num_chunk_splits: 215.
num_chunks_enlarged: 118.
num_inconsistent_stats: 0.

CodeHeap 'non-profiled nmethods': size=120000Kb used=274Kb max_used=274Kb free=119725Kb
 bounds [0x0000022c93360000, 0x0000022c935d0000, 0x0000022c9a890000]
CodeHeap 'profiled nmethods': size=120000Kb used=1071Kb max_used=1071Kb free=118928Kb
 bounds [0x0000022c8b890000, 0x0000022c8bb00000, 0x0000022c92dc0000]
CodeHeap 'non-nmethods': size=5760Kb used=1535Kb max_used=1553Kb free=4224Kb
 bounds [0x0000022c92dc0000, 0x0000022c93030000, 0x0000022c93360000]
 total_blobs=1283 nmethods=794 adapters=394
 compilation: enabled
              stopped_count=0, restarted_count=0
 full_count=0

Compilation events (20 events):
Event: 0.270 Thread 0x0000022ca24b5710  784       3       java.util.ImmutableCollections$List12::size (16 bytes)
Event: 0.271 Thread 0x0000022ca24b5710 nmethod 784 0x0000022c8b998e90 code [0x0000022c8b999040, 0x0000022c8b9991d0]
Event: 0.271 Thread 0x0000022ca24b5710  785       3       jdk.internal.org.objectweb.asm.ClassWriter::<init> (7 bytes)
Event: 0.271 Thread 0x0000022ca24b5710 nmethod 785 0x0000022c8b999290 code [0x0000022c8b999440, 0x0000022c8b999588]
Event: 0.271 Thread 0x0000022ca24b5710  786       3       jdk.internal.org.objectweb.asm.ClassWriter::<init> (73 bytes)
Event: 0.271 Thread 0x0000022ca24b5710 nmethod 786 0x0000022c8b999610 code [0x0000022c8b999800, 0x0000022c8b999ca0]
Event: 0.272 Thread 0x0000022ca24b5710  788       3       java.lang.StringBuilder::append (8 bytes)
Event: 0.272 Thread 0x0000022ca24b5710 nmethod 788 0x0000022c8b999e10 code [0x0000022c8b999fc0, 0x0000022c8b99a110]
Event: 0.272 Thread 0x0000022ca24b5710  789       3       java.lang.AbstractStringBuilder::append (55 bytes)
Event: 0.272 Thread 0x0000022ca24b5710 nmethod 789 0x0000022c8b99a190 code [0x0000022c8b99a380, 0x0000022c8b99a6d0]
Event: 0.272 Thread 0x0000022ca24b5710  791       3       java.lang.Class::reflectionData (43 bytes)
Event: 0.272 Thread 0x0000022ca24b5710 nmethod 791 0x0000022c8b99a810 code [0x0000022c8b99a9e0, 0x0000022c8b99adc0]
Event: 0.272 Thread 0x0000022ca24b5710  790       3       java.util.stream.PipelineHelper::<init> (5 bytes)
Event: 0.273 Thread 0x0000022ca24b5710 nmethod 790 0x0000022c8b99af10 code [0x0000022c8b99b0a0, 0x0000022c8b99b208]
Event: 0.273 Thread 0x0000022ca24b5710  792       1       java.lang.reflect.Field::getDeclaringClass (5 bytes)
Event: 0.273 Thread 0x0000022ca24b5710 nmethod 792 0x0000022c933a1b90 code [0x0000022c933a1d20, 0x0000022c933a1df0]
Event: 0.273 Thread 0x0000022ca24b5710  794       1       java.util.concurrent.locks.AbstractOwnableSynchronizer::getExclusiveOwnerThread (5 bytes)
Event: 0.273 Thread 0x0000022ca24b5710 nmethod 794 0x0000022c933a1e90 code [0x0000022c933a2020, 0x0000022c933a20f0]
Event: 0.273 Thread 0x0000022ca24b5710  795       3       jdk.internal.loader.BuiltinClassLoader::findLoadedModule (33 bytes)
Event: 0.273 Thread 0x0000022ca24b5710 nmethod 795 0x0000022c8b99b310 code [0x0000022c8b99b540, 0x0000022c8b99bb60]

GC Heap History (0 events):
No events

Dll operation events (10 events):
Event: 0.007 Loaded shared library C:\Users\666\.jdks\openjdk-22.0.2\bin\java.dll
Event: 0.037 Loaded shared library C:\Users\666\.jdks\openjdk-22.0.2\bin\jsvml.dll
Event: 0.075 Loaded shared library C:\Users\666\.jdks\openjdk-22.0.2\bin\zip.dll
Event: 0.077 Loaded shared library C:\Users\666\.jdks\openjdk-22.0.2\bin\instrument.dll
Event: 0.081 Loaded shared library C:\Users\666\.jdks\openjdk-22.0.2\bin\net.dll
Event: 0.083 Loaded shared library C:\Users\666\.jdks\openjdk-22.0.2\bin\nio.dll
Event: 0.085 Loaded shared library C:\Users\666\.jdks\openjdk-22.0.2\bin\zip.dll
Event: 0.106 Loaded shared library C:\Program Files\JetBrains\IntelliJIdea2024.1\bin\breakgen64.dll
Event: 0.115 Loaded shared library C:\Users\666\.jdks\openjdk-22.0.2\bin\extnet.dll
Event: 0.144 Loaded shared library C:\Users\666\.jdks\openjdk-22.0.2\bin\jimage.dll

Deoptimization events (20 events):
Event: 0.187 Thread 0x0000022c813a2760 Uncommon trap: trap_request=0xffffff45 fr.pc=0x0000022c9336de4c relative=0x000000000000088c
Event: 0.187 Thread 0x0000022c813a2760 Uncommon trap: reason=unstable_if action=reinterpret pc=0x0000022c9336de4c method=java.util.HashMap.putVal(ILjava/lang/Object;Ljava/lang/Object;ZZ)Ljava/lang/Object; @ 69 c2
Event: 0.187 Thread 0x0000022c813a2760 DEOPT PACKING pc=0x0000022c9336de4c sp=0x00000077e93fdff0
Event: 0.187 Thread 0x0000022c813a2760 DEOPT UNPACKING pc=0x0000022c92e17da2 sp=0x00000077e93fdfa0 mode 2
Event: 0.271 Thread 0x0000022c813a2760 Uncommon trap: trap_request=0xffffffde fr.pc=0x0000022c9337b650 relative=0x00000000000001b0
Event: 0.271 Thread 0x0000022c813a2760 Uncommon trap: reason=class_check action=maybe_recompile pc=0x0000022c9337b650 method=java.lang.String.equals(Ljava/lang/Object;)Z @ 8 c2
Event: 0.271 Thread 0x0000022c813a2760 DEOPT PACKING pc=0x0000022c9337b650 sp=0x00000077e93fd870
Event: 0.271 Thread 0x0000022c813a2760 DEOPT UNPACKING pc=0x0000022c92e17da2 sp=0x00000077e93fd808 mode 2
Event: 0.271 Thread 0x0000022c813a2760 Uncommon trap: trap_request=0xffffffde fr.pc=0x0000022c9337b650 relative=0x00000000000001b0
Event: 0.271 Thread 0x0000022c813a2760 Uncommon trap: reason=class_check action=maybe_recompile pc=0x0000022c9337b650 method=java.lang.String.equals(Ljava/lang/Object;)Z @ 8 c2
Event: 0.271 Thread 0x0000022c813a2760 DEOPT PACKING pc=0x0000022c9337b650 sp=0x00000077e93fd870
Event: 0.271 Thread 0x0000022c813a2760 DEOPT UNPACKING pc=0x0000022c92e17da2 sp=0x00000077e93fd808 mode 2
Event: 0.271 Thread 0x0000022c813a2760 Uncommon trap: trap_request=0xffffffde fr.pc=0x0000022c9337b650 relative=0x00000000000001b0
Event: 0.271 Thread 0x0000022c813a2760 Uncommon trap: reason=class_check action=maybe_recompile pc=0x0000022c9337b650 method=java.lang.String.equals(Ljava/lang/Object;)Z @ 8 c2
Event: 0.271 Thread 0x0000022c813a2760 DEOPT PACKING pc=0x0000022c9337b650 sp=0x00000077e93fe000
Event: 0.271 Thread 0x0000022c813a2760 DEOPT UNPACKING pc=0x0000022c92e17da2 sp=0x00000077e93fdf98 mode 2
Event: 0.271 Thread 0x0000022c813a2760 Uncommon trap: trap_request=0xffffffde fr.pc=0x0000022c9337b650 relative=0x00000000000001b0
Event: 0.271 Thread 0x0000022c813a2760 Uncommon trap: reason=class_check action=maybe_recompile pc=0x0000022c9337b650 method=java.lang.String.equals(Ljava/lang/Object;)Z @ 8 c2
Event: 0.271 Thread 0x0000022c813a2760 DEOPT PACKING pc=0x0000022c9337b650 sp=0x00000077e93fe000
Event: 0.271 Thread 0x0000022c813a2760 DEOPT UNPACKING pc=0x0000022c92e17da2 sp=0x00000077e93fdf98 mode 2

Classes loaded (20 events):
Event: 0.257 Loading class java/util/BitSet done
Event: 0.257 Loading class jdk/internal/classfile/impl/StackMapGenerator$3 done
Event: 0.257 Loading class jdk/internal/classfile/impl/RawBytecodeHelper
Event: 0.257 Loading class jdk/internal/classfile/impl/RawBytecodeHelper done
Event: 0.257 Loading class jdk/internal/classfile/impl/StackMapGenerator$1
Event: 0.257 Loading class jdk/internal/classfile/impl/StackMapGenerator$1 done
Event: 0.257 Loading class jdk/internal/org/objectweb/asm/ClassReader
Event: 0.258 Loading class jdk/internal/org/objectweb/asm/ClassReader done
Event: 0.258 Loading class java/lang/runtime/SwitchBootstraps$ResolvedEnumLabels
Event: 0.258 Loading class java/lang/runtime/SwitchBootstraps$ResolvedEnumLabels done
Event: 0.260 Loading class java/lang/invoke/BoundMethodHandle$Species_LI
Event: 0.260 Loading class java/lang/invoke/BoundMethodHandle$Species_LI done
Event: 0.265 Loading class sun/reflect/generics/repository/FieldRepository
Event: 0.265 Loading class sun/reflect/generics/repository/FieldRepository done
Event: 0.265 Loading class sun/reflect/generics/tree/TypeVariableSignature
Event: 0.265 Loading class sun/reflect/generics/tree/TypeVariableSignature done
Event: 0.269 Loading class sun/invoke/util/ValueConversions$1
Event: 0.269 Loading class sun/invoke/util/ValueConversions$1 done
Event: 0.273 Loading class sun/misc/Unsafe
Event: 0.273 Loading class sun/misc/Unsafe done

Classes unloaded (0 events):
No events

Classes redefined (0 events):
No events

Internal exceptions (20 events):
Event: 0.206 Thread 0x0000022c813a2760 Exception <a 'java/lang/NoSuchMethodError'{0x0000000713452290}: 'java.lang.Object java.lang.invoke.DirectMethodHandle$Holder.invokeStatic(java.lang.Object, java.lang.Object, int)'> (0x0000000713452290) 
thrown [s\open\src\hotspot\share\interpreter\linkResolver.cpp, line 774]
Event: 0.207 Thread 0x0000022c813a2760 Exception <a 'java/lang/NoSuchMethodError'{0x000000071345d648}: 'void java.lang.invoke.DelegatingMethodHandle$Holder.delegate(java.lang.Object, java.lang.Object, int, java.lang.Object)'> (0x000000071345d648) 
thrown [s\open\src\hotspot\share\interpreter\linkResolver.cpp, line 774]
Event: 0.212 Thread 0x0000022c813a2760 Exception <a 'java/lang/NoSuchMethodError'{0x0000000713488f58}: 'double java.lang.invoke.DelegatingMethodHandle$Holder.reinvoke_L(java.lang.Object, java.lang.Object)'> (0x0000000713488f58) 
thrown [s\open\src\hotspot\share\interpreter\linkResolver.cpp, line 774]
Event: 0.232 Thread 0x0000022c813a2760 Exception <a 'java/lang/NoSuchMethodError'{0x000000071352f7f8}: 'java.lang.Object java.lang.invoke.DirectMethodHandle$Holder.invokeStaticInit(java.lang.Object, java.lang.Object, java.lang.Object)'> (0x000000071352f7f8) 
thrown [s\open\src\hotspot\share\interpreter\linkResolver.cpp, line 774]
Event: 0.232 Thread 0x0000022c813a2760 Exception <a 'java/lang/NoSuchMethodError'{0x0000000713536e30}: 'java.lang.Object java.lang.invoke.DirectMethodHandle$Holder.invokeInterface(java.lang.Object, java.lang.Object, java.lang.Object, java.lang.Object)'> (0x0000000713536e30) 
thrown [s\open\src\hotspot\share\interpreter\linkResolver.cpp, line 774]
Event: 0.238 Thread 0x0000022c813a2760 Exception <a 'java/lang/NoSuchMethodError'{0x0000000713578888}: 'java.lang.Object java.lang.invoke.DirectMethodHandle$Holder.invokeStaticInit(java.lang.Object, java.lang.Object, java.lang.Object, java.lang.Object, java.lang.Object)'> (0x0000000713578888) 
thrown [s\open\src\hotspot\share\interpreter\linkResolver.cpp, line 774]
Event: 0.239 Thread 0x0000022c813a2760 Exception <a 'java/lang/NoSuchMethodError'{0x000000071357e178}: 'java.lang.Object java.lang.invoke.Invokers$Holder.invokeExact_MT(java.lang.Object, java.lang.Object, java.lang.Object, java.lang.Object, java.lang.Object, java.lang.Object)'> (0x000000071357e178) 
thrown [s\open\src\hotspot\share\interpreter\linkResolver.cpp, line 774]
Event: 0.241 Thread 0x0000022c813a2760 Exception <a 'java/lang/NoSuchMethodError'{0x0000000713586da0}: 'int java.lang.invoke.DirectMethodHandle$Holder.invokeStaticInit(java.lang.Object, int)'> (0x0000000713586da0) 
thrown [s\open\src\hotspot\share\interpreter\linkResolver.cpp, line 774]
Event: 0.241 Thread 0x0000022c813a2760 Exception <a 'java/lang/NoSuchMethodError'{0x000000071358def0}: 'int java.lang.invoke.DirectMethodHandle$Holder.invokeStaticInit(java.lang.Object, java.lang.Object, java.lang.Object, java.lang.Object, java.lang.Object, java.lang.Object)'> (0x000000071358def0) 
thrown [s\open\src\hotspot\share\interpreter\linkResolver.cpp, line 774]
Event: 0.259 Thread 0x0000022c813a2760 Exception <a 'java/lang/NoSuchMethodError'{0x00000007135c2710}: 'int java.lang.invoke.DelegatingMethodHandle$Holder.reinvoke_L(java.lang.Object, java.lang.Object, int, java.lang.Object, java.lang.Object)'> (0x00000007135c2710) 
thrown [s\open\src\hotspot\share\interpreter\linkResolver.cpp, line 774]
Event: 0.260 Thread 0x0000022c813a2760 Exception <a 'java/lang/NoSuchMethodError'{0x00000007135de600}: 'java.lang.Object java.lang.invoke.DirectMethodHandle$Holder.invokeStatic(java.lang.Object, java.lang.Object, java.lang.Object, java.lang.Object, int)'> (0x00000007135de600) 
thrown [s\open\src\hotspot\share\interpreter\linkResolver.cpp, line 774]
Event: 0.261 Thread 0x0000022c813a2760 Exception <a 'java/lang/NoSuchMethodError'{0x00000007135e5ad0}: 'int java.lang.invoke.DirectMethodHandle$Holder.invokeSpecial(java.lang.Object, java.lang.Object, int)'> (0x00000007135e5ad0) 
thrown [s\open\src\hotspot\share\interpreter\linkResolver.cpp, line 774]
Event: 0.261 Thread 0x0000022c813a2760 Exception <a 'java/lang/NoSuchMethodError'{0x00000007135ec9a0}: 'int java.lang.invoke.DirectMethodHandle$Holder.invokeSpecial(java.lang.Object, java.lang.Object, java.lang.Object, int)'> (0x00000007135ec9a0) 
thrown [s\open\src\hotspot\share\interpreter\linkResolver.cpp, line 774]
Event: 0.263 Thread 0x0000022c813a2760 Exception <a 'java/lang/NoSuchMethodError'{0x0000000713203f40}: 'java.lang.Object java.lang.invoke.DirectMethodHandle$Holder.newInvokeSpecial(java.lang.Object, int, java.lang.Object)'> (0x0000000713203f40) 
thrown [s\open\src\hotspot\share\interpreter\linkResolver.cpp, line 774]
Event: 0.266 Thread 0x0000022c813a2760 Exception <a 'java/lang/NoSuchMethodError'{0x0000000713217ab8}: 'java.lang.Object java.lang.invoke.DirectMethodHandle$Holder.invokeVirtual(java.lang.Object, java.lang.Object, java.lang.Object, java.lang.Object)'> (0x0000000713217ab8) 
thrown [s\open\src\hotspot\share\interpreter\linkResolver.cpp, line 774]
Event: 0.268 Thread 0x0000022c813a2760 Exception <a 'java/lang/NoSuchMethodError'{0x000000071322ab28}: 'java.lang.Object java.lang.invoke.DirectMethodHandle$Holder.newInvokeSpecial(java.lang.Object, int, double, java.lang.Object, java.lang.Object)'> (0x000000071322ab28) 
thrown [s\open\src\hotspot\share\interpreter\linkResolver.cpp, line 774]
Event: 0.268 Thread 0x0000022c813a2760 Exception <a 'java/lang/NoSuchMethodError'{0x000000071322fc00}: 'java.lang.Object java.lang.invoke.Invokers$Holder.invoker(java.lang.Object, java.lang.Object, java.lang.Object, java.lang.Object, java.lang.Object, java.lang.Object)'> (0x000000071322fc00) 
thrown [s\open\src\hotspot\share\interpreter\linkResolver.cpp, line 774]
Event: 0.270 Thread 0x0000022c813a2760 Exception <a 'java/lang/NoSuchMethodError'{0x0000000713243128}: 'double java.lang.invoke.DelegatingMethodHandle$Holder.reinvoke_L(java.lang.Object, java.lang.Object, int)'> (0x0000000713243128) 
thrown [s\open\src\hotspot\share\interpreter\linkResolver.cpp, line 774]
Event: 0.270 Thread 0x0000022c813a2760 Exception <a 'java/lang/NoSuchMethodError'{0x00000007132496a8}: 'java.lang.Object java.lang.invoke.DelegatingMethodHandle$Holder.reinvoke_L(java.lang.Object, int, double, java.lang.Object, java.lang.Object)'> (0x00000007132496a8) 
thrown [s\open\src\hotspot\share\interpreter\linkResolver.cpp, line 774]
Event: 0.272 Thread 0x0000022c813a2760 Exception <a 'java/lang/NoSuchMethodError'{0x000000071325e0f8}: 'java.lang.Object java.lang.invoke.DelegatingMethodHandle$Holder.reinvoke_L(java.lang.Object, int, java.lang.Object)'> (0x000000071325e0f8) 
thrown [s\open\src\hotspot\share\interpreter\linkResolver.cpp, line 774]

ZGC Phase Switch (0 events):
No events

VM Operations (4 events):
Event: 0.109 Executing VM operation: HandshakeAllThreads (Deoptimize)
Event: 0.109 Executing VM operation: HandshakeAllThreads (Deoptimize) done
Event: 0.123 Executing VM operation: HandshakeAllThreads (Deoptimize)
Event: 0.123 Executing VM operation: HandshakeAllThreads (Deoptimize) done

Memory protections (0 events):
No events

Nmethod flushes (0 events):
No events

Events (13 events):
Event: 0.022 Thread 0x0000022c813a2760 Thread added: 0x0000022c813a2760
Event: 0.035 Thread 0x0000022c813a2760 Thread added: 0x0000022ca24a5430
Event: 0.035 Thread 0x0000022c813a2760 Thread added: 0x0000022ca24aa250
Event: 0.035 Thread 0x0000022c813a2760 Thread added: 0x0000022ca24adf20
Event: 0.035 Thread 0x0000022c813a2760 Thread added: 0x0000022ca24aee90
Event: 0.035 Thread 0x0000022c813a2760 Thread added: 0x0000022ca24b1960
Event: 0.035 Thread 0x0000022c813a2760 Thread added: 0x0000022ca24b20c0
Event: 0.035 Thread 0x0000022c813a2760 Thread added: 0x0000022ca24b4f60
Event: 0.035 Thread 0x0000022c813a2760 Thread added: 0x0000022ca24b5710
Event: 0.056 Thread 0x0000022c813a2760 Thread added: 0x0000022ca26f6240
Event: 0.107 Thread 0x0000022c813a2760 Thread added: 0x0000022ca28ff310
Event: 0.107 Thread 0x0000022c813a2760 Thread added: 0x0000022ca28ffc70
Event: 0.164 Thread 0x0000022c813a2760 Thread added: 0x0000022ca29c8200


Dynamic libraries:
0x00007ff65c720000 - 0x00007ff65c72e000 	C:\Users\666\.jdks\openjdk-22.0.2\bin\java.exe
0x00007ffe60070000 - 0x00007ffe60268000 	C:\Windows\SYSTEM32\ntdll.dll
0x00007ffe5e9d0000 - 0x00007ffe5ea8f000 	C:\Windows\System32\KERNEL32.DLL
0x00007ffe5d910000 - 0x00007ffe5dc06000 	C:\Windows\System32\KERNELBASE.dll
0x00007ffe5dde0000 - 0x00007ffe5dee0000 	C:\Windows\System32\ucrtbase.dll
0x00007ffe4fb40000 - 0x00007ffe4fb5b000 	C:\Users\666\.jdks\openjdk-22.0.2\bin\VCRUNTIME140.dll
0x00007ffe4fb60000 - 0x00007ffe4fb77000 	C:\Users\666\.jdks\openjdk-22.0.2\bin\jli.dll
0x00007ffe5f0f0000 - 0x00007ffe5f28d000 	C:\Windows\System32\USER32.dll
0x00007ffe5d870000 - 0x00007ffe5d892000 	C:\Windows\System32\win32u.dll
0x00007ffe5eaf0000 - 0x00007ffe5eb1c000 	C:\Windows\System32\GDI32.dll
0x00007ffe471d0000 - 0x00007ffe4746a000 	C:\Windows\WinSxS\amd64_microsoft.windows.common-controls_6595b64144ccf1df_6.0.19041.1110_none_60b5254171f9507e\COMCTL32.dll
0x00007ffe5f700000 - 0x00007ffe5f79e000 	C:\Windows\System32\msvcrt.dll
0x00007ffe5d750000 - 0x00007ffe5d865000 	C:\Windows\System32\gdi32full.dll
0x00007ffe5dc10000 - 0x00007ffe5dcad000 	C:\Windows\System32\msvcp_win.dll
0x00007ffe5edc0000 - 0x00007ffe5edf0000 	C:\Windows\System32\IMM32.DLL
0x00007ffe56720000 - 0x00007ffe5672c000 	C:\Users\666\.jdks\openjdk-22.0.2\bin\vcruntime140_1.dll
0x00007ffe3ebd0000 - 0x00007ffe3ec5e000 	C:\Users\666\.jdks\openjdk-22.0.2\bin\msvcp140.dll
0x00007ffe05400000 - 0x00007ffe06149000 	C:\Users\666\.jdks\openjdk-22.0.2\bin\server\jvm.dll
0x00007ffe5eec0000 - 0x00007ffe5ef6f000 	C:\Windows\System32\ADVAPI32.dll
0x00007ffe5eb20000 - 0x00007ffe5ebbc000 	C:\Windows\System32\sechost.dll
0x00007ffe5e2a0000 - 0x00007ffe5e3c6000 	C:\Windows\System32\RPCRT4.dll
0x00007ffe5f020000 - 0x00007ffe5f08b000 	C:\Windows\System32\WS2_32.dll
0x00007ffe5cd00000 - 0x00007ffe5cd4b000 	C:\Windows\SYSTEM32\POWRPROF.dll
0x00007ffe537a0000 - 0x00007ffe537c7000 	C:\Windows\SYSTEM32\WINMM.dll
0x00007ffe55a60000 - 0x00007ffe55a6a000 	C:\Windows\SYSTEM32\VERSION.dll
0x00007ffe5cb70000 - 0x00007ffe5cb82000 	C:\Windows\SYSTEM32\UMPDC.dll
0x00007ffe5bf90000 - 0x00007ffe5bfa2000 	C:\Windows\SYSTEM32\kernel.appcore.dll
0x00007ffe56640000 - 0x00007ffe5664a000 	C:\Users\666\.jdks\openjdk-22.0.2\bin\jimage.dll
0x00007ffe5bcb0000 - 0x00007ffe5be94000 	C:\Windows\SYSTEM32\DBGHELP.DLL
0x00007ffe49c30000 - 0x00007ffe49c64000 	C:\Windows\SYSTEM32\dbgcore.DLL
0x00007ffe5e040000 - 0x00007ffe5e0c2000 	C:\Windows\System32\bcryptPrimitives.dll
0x00007ffe4fae0000 - 0x00007ffe4faef000 	C:\Users\666\.jdks\openjdk-22.0.2\bin\instrument.dll
0x00007ffe4faf0000 - 0x00007ffe4fb0e000 	C:\Users\666\.jdks\openjdk-22.0.2\bin\java.dll
0x00007ffe5f8e0000 - 0x00007ffe60024000 	C:\Windows\System32\SHELL32.dll
0x00007ffe5e7e0000 - 0x00007ffe5e90a000 	C:\Windows\System32\ole32.dll
0x00007ffe5e3d0000 - 0x00007ffe5e724000 	C:\Windows\System32\combase.dll
0x00007ffe58b80000 - 0x00007ffe59314000 	C:\Windows\SYSTEM32\windows.storage.dll
0x00007ffe5d190000 - 0x00007ffe5d1be000 	C:\Windows\SYSTEM32\Wldp.dll
0x00007ffe5ef70000 - 0x00007ffe5f01d000 	C:\Windows\System32\SHCORE.dll
0x00007ffe5f7a0000 - 0x00007ffe5f7f5000 	C:\Windows\System32\shlwapi.dll
0x00007ffe5d680000 - 0x00007ffe5d6a5000 	C:\Windows\SYSTEM32\profapi.dll
0x00007ffe2bc30000 - 0x00007ffe2bd07000 	C:\Users\666\.jdks\openjdk-22.0.2\bin\jsvml.dll
0x00007ffe49320000 - 0x00007ffe49337000 	C:\Users\666\.jdks\openjdk-22.0.2\bin\zip.dll
0x00007ffe53ac0000 - 0x00007ffe53ad0000 	C:\Users\666\.jdks\openjdk-22.0.2\bin\net.dll
0x00007ffe5cef0000 - 0x00007ffe5cf5a000 	C:\Windows\system32\mswsock.dll
0x00007ffe48e40000 - 0x00007ffe48e56000 	C:\Users\666\.jdks\openjdk-22.0.2\bin\nio.dll
0x00007ffe4fac0000 - 0x00007ffe4fada000 	C:\Program Files\JetBrains\IntelliJIdea2024.1\bin\breakgen64.dll
0x00007ffe4fab0000 - 0x00007ffe4fab9000 	C:\Users\666\.jdks\openjdk-22.0.2\bin\extnet.dll

dbghelp: loaded successfully - version: 4.0.5 - missing functions: none
symbol engine: initialized successfully - sym options: 0x614 - pdb path: .;C:\Users\666\.jdks\openjdk-22.0.2\bin;C:\Windows\SYSTEM32;C:\Windows\WinSxS\amd64_microsoft.windows.common-controls_6595b64144ccf1df_6.0.19041.1110_none_60b5254171f9507e;C:\Users\666\.jdks\openjdk-22.0.2\bin\server;C:\Program Files\JetBrains\IntelliJIdea2024.1\bin

VM Arguments:
jvm_args: -javaagent:C:\Program Files\JetBrains\IntelliJIdea2024.1\lib\idea_rt.jar=58578:C:\Program Files\JetBrains\IntelliJIdea2024.1\bin -Dfile.encoding=UTF-8 -Dsun.stdout.encoding=UTF-8 -Dsun.stderr.encoding=UTF-8 
java_command: ru.introguzzle.parsers.example.Example
java_class_path (initial): C:\Users\666\IdeaProjects\parsers\target\classes;C:\Users\666\.m2\repository\org\jetbrains\annotations\24.1.0\annotations-24.1.0.jar;C:\Users\666\.m2\repository\net\bytebuddy\byte-buddy-maven-plugin\1.15.8\byte-buddy-maven-plugin-1.15.8.jar;C:\Users\666\.m2\repository\net\bytebuddy\byte-buddy\1.15.8\byte-buddy-1.15.8.jar;C:\Users\666\.m2\repository\org\eclipse\aether\aether-api\1.1.0\aether-api-1.1.0.jar;C:\Users\666\.m2\repository\org\eclipse\aether\aether-util\1.1.0\aether-util-1.1.0.jar;C:\Users\666\.m2\repository\org\sonatype\plexus\plexus-build-api\0.0.7\plexus-build-api-0.0.7.jar;C:\Users\666\.m2\repository\org\codehaus\plexus\plexus-utils\1.5.8\plexus-utils-1.5.8.jar;C:\Users\666\.m2\repository\net\bytebuddy\byte-buddy-agent\1.15.9\byte-buddy-agent-1.15.9.jar
Launcher Type: SUN_STANDARD

[Global flags]
     intx CICompilerCount                          = 4                                         {product} {ergonomic}
     uint ConcGCThreads                            = 2                                         {product} {ergonomic}
     uint G1ConcRefinementThreads                  = 8                                         {product} {ergonomic}
   size_t G1HeapRegionSize                         = 2097152                                   {product} {ergonomic}
   size_t InitialHeapSize                          = 264241152                                 {product} {ergonomic}
   size_t MarkStackSize                            = 4194304                                   {product} {ergonomic}
   size_t MaxHeapSize                              = 4225761280                                {product} {ergonomic}
   size_t MaxNewSize                               = 2535456768                                {product} {ergonomic}
   size_t MinHeapDeltaBytes                        = 2097152                                   {product} {ergonomic}
   size_t MinHeapSize                              = 8388608                                   {product} {ergonomic}
    uintx NonNMethodCodeHeapSize                   = 5839372                                {pd product} {ergonomic}
    uintx NonProfiledCodeHeapSize                  = 122909434                              {pd product} {ergonomic}
    uintx ProfiledCodeHeapSize                     = 122909434                              {pd product} {ergonomic}
    uintx ReservedCodeCacheSize                    = 251658240                              {pd product} {ergonomic}
     bool SegmentedCodeCache                       = true                                      {product} {ergonomic}
   size_t SoftMaxHeapSize                          = 4225761280                             {manageable} {ergonomic}
     bool UseCompressedOops                        = true                           {product lp64_product} {ergonomic}
     bool UseG1GC                                  = true                                      {product} {ergonomic}
     bool UseLargePagesIndividualAllocation        = false                                  {pd product} {ergonomic}

Logging:
Log output configuration:
 #0: stdout all=warning uptime,level,tags foldmultilines=false
 #1: stderr all=off uptime,level,tags foldmultilines=false

Environment Variables:
PATH=C:\Program Files\Common Files\Oracle\Java\javapath;C:\Program Files (x86)\Common Files\Oracle\Java\java8path;C:\Program Files (x86)\Common Files\Oracle\Java\javapath;C:\Windows\system32;C:\Windows;C:\Windows\System32\Wbem;C:\Windows\System32\WindowsPowerShell\v1.0\;C:\Windows\System32\OpenSSH\;C:\Program Files (x86)\NVIDIA Corporation\PhysX\Common;C:\Program Files\Process Lasso\;C:\Program Files\dotnet\;C:\Program Files\Git\cmd;C:\Program Files (x86)\Windows Kits\10\Windows Performance Toolkit\;C:\Program Files (x86)\dotnet\;C:\Program Files\Go\bin;C:\Users\666\AppData\Local\Programs\Python\Python39\Scripts\;C:\Users\666\AppData\Local\Programs\Python\Python39\;C:\Users\666\AppData\Local\Microsoft\WindowsApps;;C:\Program Files\JetBrains\PyCharm Community Edition 2023.2.4\bin;;C:\Program Files\JetBrains\IntelliJ IDEA Community Edition 2023.2.5\bin;;C:\Program Files\JetBrains\GoLand 2024.1.4\bin;;C:\Program Files\JetBrains\CLion 2024.1.4\bin;;C:\Users\666\go\bin
USERNAME=666
OS=Windows_NT
PROCESSOR_IDENTIFIER=Intel64 Family 6 Model 140 Stepping 1, GenuineIntel
TMP=C:\Users\666\AppData\Local\Temp
TEMP=C:\Users\666\AppData\Local\Temp




Periodic native trim disabled

---------------  S Y S T E M  ---------------

OS:
 Windows 10 , 64 bit Build 19041 (10.0.19041.3155)
OS uptime: 24 days 2:59 hours

CPU: total 8 (initial active 8) (4 cores per cpu, 2 threads per core) family 6 model 140 stepping 1 microcode 0x86, cx8, cmov, fxsr, ht, mmx, 3dnowpref, sse, sse2, sse3, ssse3, sse4.1, sse4.2, popcnt, lzcnt, tsc, tscinvbit, avx, avx2, erms, clmul, bmi1, bmi2, adx, avx512f, avx512dq, avx512cd, avx512bw, avx512vl, sha, fma, vzeroupper, avx512_vpopcntdq, avx512_vpclmulqdq, avx512_vnni, clflush, clflushopt, clwb, avx512_vbmi2, avx512_vbmi, rdtscp, rdpid, fsrm, gfni, avx512_bitalg, f16c, pku, cet_ibt, cet_ss, avx512_ifma
Processor Information for all 8 processors :
  Max Mhz: 3110, Current Mhz: 3110, Mhz Limit: 3110

Memory: 4k page, system-wide physical 16115M (5202M free)
TotalPageFile size 26247M (AvailPageFile size 4770M)
current process WorkingSet (physical memory assigned to process): 54M, peak: 54M
current process commit charge ("private bytes"): 344M, peak: 344M

vm_info: OpenJDK 64-Bit Server VM (22.0.2+9-70) for windows-amd64 JRE (22.0.2+9-70), built on 2024-06-04T16:52:23Z by "mach5one" with MS VC++ 17.6 (VS2022)

END.
